# JRE version: OpenJDK Runtime Environment Temurin-17.0.13+11 (17.0.13+11) (build 17.0.13+11)
# Java VM: OpenJDK 64-Bit Server VM Temurin-17.0.13+11 (17.0.13+11, mixed mode, tiered, compressed oops, compressed class ptrs, parallel gc, windows-amd64)
GC Precious Log:
 CPUs: 12 total, 12 available
 Memory: 32104M
 Large Page Support: Disabled
 NUMA Support: Disabled
 Compressed Oops: Enabled (32-bit)
 Alignments: Space 512K, Generation 512K, Heap 2M
 Heap Min Capacity: 100M
 Heap Initial Capacity: 100M
 Heap Max Capacity: 1G
 Pre-touch: Disabled
 Parallel Workers: 10
Heap:
 PSYoungGen      total 56320K, used 10806K [0x00000000eab00000, 0x00000000f0900000, 0x0000000100000000)
  eden space 50176K, 10% used [0x00000000eab00000,0x00000000eafe9e30,0x00000000edc00000)
  from space 6144K, 93% used [0x00000000edc80000,0x00000000ee2239e0,0x00000000ee280000)
  to   space 23040K, 0% used [0x00000000ef280000,0x00000000ef280000,0x00000000f0900000)
 ParOldGen       total 451584K, used 333973K [0x00000000c0000000, 0x00000000db900000, 0x00000000eab00000)
  object space 451584K, 73% used [0x00000000c0000000,0x00000000d4625740,0x00000000db900000)
 Metaspace       used 74648K, committed 75840K, reserved 1179648K
  class space    used 8282K, committed 8768K, reserved 1048576K
GC Heap History (20 events):
Event: 47.019 GC heap after
{Heap after GC invocations=461 (full 17):
 PSYoungGen      total 45056K, used 11179K [0x00000000eab00000, 0x00000000ef480000, 0x0000000100000000)
  eden space 32256K, 0% used [0x00000000eab00000,0x00000000eab00000,0x00000000eca80000)
  from space 12800K, 87% used [0x00000000eca80000,0x00000000ed56ad38,0x00000000ed700000)
  to   space 19968K, 0% used [0x00000000ee100000,0x00000000ee100000,0x00000000ef480000)
 ParOldGen       total 446976K, used 361605K [0x00000000c0000000, 0x00000000db480000, 0x00000000eab00000)
  object space 446976K, 80% used [0x00000000c0000000,0x00000000d6121710,0x00000000db480000)
 Metaspace       used 74631K, committed 75840K, reserved 1179648K
  class space    used 8281K, committed 8768K, reserved 1048576K
}
Event: 47.129 GC heap before
{Heap before GC invocations=462 (full 17):
 PSYoungGen      total 45056K, used 43435K [0x00000000eab00000, 0x00000000ef480000, 0x0000000100000000)
  eden space 32256K, 100% used [0x00000000eab00000,0x00000000eca80000,0x00000000eca80000)
  from space 12800K, 87% used [0x00000000eca80000,0x00000000ed56ad38,0x00000000ed700000)
  to   space 19968K, 0% used [0x00000000ee100000,0x00000000ee100000,0x00000000ef480000)
 ParOldGen       total 446976K, used 361605K [0x00000000c0000000, 0x00000000db480000, 0x00000000eab00000)
  object space 446976K, 80% used [0x00000000c0000000,0x00000000d6121710,0x00000000db480000)
 Metaspace       used 74631K, committed 75840K, reserved 1179648K
  class space    used 8281K, committed 8768K, reserved 1048576K
}
Event: 47.146 GC heap after
{Heap after GC invocations=462 (full 17):
 PSYoungGen      total 46080K, used 10966K [0x00000000eab00000, 0x00000000eec00000, 0x0000000100000000)
  eden space 34816K, 0% used [0x00000000eab00000,0x00000000eab00000,0x00000000ecd00000)
  from space 11264K, 97% used [0x00000000ee100000,0x00000000eebb5b78,0x00000000eec00000)
  to   space 13824K, 0% used [0x00000000ed100000,0x00000000ed100000,0x00000000ede80000)
 ParOldGen       total 446976K, used 369429K [0x00000000c0000000, 0x00000000db480000, 0x00000000eab00000)
  object space 446976K, 82% used [0x00000000c0000000,0x00000000d68c55c8,0x00000000db480000)
 Metaspace       used 74631K, committed 75840K, reserved 1179648K
  class space    used 8281K, committed 8768K, reserved 1048576K
}
Event: 47.242 GC heap before
{Heap before GC invocations=463 (full 17):
 PSYoungGen      total 46080K, used 45782K [0x00000000eab00000, 0x00000000eec00000, 0x0000000100000000)
  eden space 34816K, 100% used [0x00000000eab00000,0x00000000ecd00000,0x00000000ecd00000)
  from space 11264K, 97% used [0x00000000ee100000,0x00000000eebb5b78,0x00000000eec00000)
  to   space 13824K, 0% used [0x00000000ed100000,0x00000000ed100000,0x00000000ede80000)
 ParOldGen       total 446976K, used 369429K [0x00000000c0000000, 0x00000000db480000, 0x00000000eab00000)
  object space 446976K, 82% used [0x00000000c0000000,0x00000000d68c55c8,0x00000000db480000)
 Metaspace       used 74631K, committed 75840K, reserved 1179648K
  class space    used 8281K, committed 8768K, reserved 1048576K
}
Event: 47.247 GC heap after
{Heap after GC invocations=463 (full 17):
 PSYoungGen      total 51200K, used 13792K [0x00000000eab00000, 0x00000000ef680000, 0x0000000100000000)
  eden space 37376K, 0% used [0x00000000eab00000,0x00000000eab00000,0x00000000ecf80000)
  from space 13824K, 99% used [0x00000000ed100000,0x00000000ede783a8,0x00000000ede80000)
  to   space 19968K, 0% used [0x00000000ee300000,0x00000000ee300000,0x00000000ef680000)
 ParOldGen       total 446976K, used 373913K [0x00000000c0000000, 0x00000000db480000, 0x00000000eab00000)
  object space 446976K, 83% used [0x00000000c0000000,0x00000000d6d266c8,0x00000000db480000)
 Metaspace       used 74631K, committed 75840K, reserved 1179648K
  class space    used 8281K, committed 8768K, reserved 1048576K
}
Event: 47.318 GC heap before
{Heap before GC invocations=464 (full 17):
 PSYoungGen      total 51200K, used 51168K [0x00000000eab00000, 0x00000000ef680000, 0x0000000100000000)
  eden space 37376K, 100% used [0x00000000eab00000,0x00000000ecf80000,0x00000000ecf80000)
  from space 13824K, 99% used [0x00000000ed100000,0x00000000ede783a8,0x00000000ede80000)
  to   space 19968K, 0% used [0x00000000ee300000,0x00000000ee300000,0x00000000ef680000)
 ParOldGen       total 446976K, used 373913K [0x00000000c0000000, 0x00000000db480000, 0x00000000eab00000)
  object space 446976K, 83% used [0x00000000c0000000,0x00000000d6d266c8,0x00000000db480000)
 Metaspace       used 74631K, committed 75840K, reserved 1179648K
  class space    used 8281K, committed 8768K, reserved 1048576K
}
Event: 47.327 GC heap after
{Heap after GC invocations=464 (full 17):
 PSYoungGen      total 55296K, used 14188K [0x00000000eab00000, 0x00000000ef180000, 0x0000000100000000)
  eden space 40448K, 0% used [0x00000000eab00000,0x00000000eab00000,0x00000000ed280000)
  from space 14848K, 95% used [0x00000000ee300000,0x00000000ef0db318,0x00000000ef180000)
  to   space 15872K, 0% used [0x00000000ed280000,0x00000000ed280000,0x00000000ee200000)
 ParOldGen       total 446976K, used 382027K [0x00000000c0000000, 0x00000000db480000, 0x00000000eab00000)
  object space 446976K, 85% used [0x00000000c0000000,0x00000000d7512ea0,0x00000000db480000)
 Metaspace       used 74631K, committed 75840K, reserved 1179648K
  class space    used 8281K, committed 8768K, reserved 1048576K
}
Event: 47.410 GC heap before
{Heap before GC invocations=465 (full 17):
 PSYoungGen      total 55296K, used 54636K [0x00000000eab00000, 0x00000000ef180000, 0x0000000100000000)
  eden space 40448K, 100% used [0x00000000eab00000,0x00000000ed280000,0x00000000ed280000)
  from space 14848K, 95% used [0x00000000ee300000,0x00000000ef0db318,0x00000000ef180000)
  to   space 15872K, 0% used [0x00000000ed280000,0x00000000ed280000,0x00000000ee200000)
 ParOldGen       total 446976K, used 382027K [0x00000000c0000000, 0x00000000db480000, 0x00000000eab00000)
  object space 446976K, 85% used [0x00000000c0000000,0x00000000d7512ea0,0x00000000db480000)
 Metaspace       used 74631K, committed 75840K, reserved 1179648K
  class space    used 8281K, committed 8768K, reserved 1048576K
}
Event: 47.418 GC heap after
{Heap after GC invocations=465 (full 17):
 PSYoungGen      total 56320K, used 15849K [0x00000000eab00000, 0x00000000f0580000, 0x0000000100000000)
  eden space 40448K, 0% used [0x00000000eab00000,0x00000000eab00000,0x00000000ed280000)
  from space 15872K, 99% used [0x00000000ed280000,0x00000000ee1fa5d0,0x00000000ee200000)
  to   space 24576K, 0% used [0x00000000eed80000,0x00000000eed80000,0x00000000f0580000)
 ParOldGen       total 446976K, used 388868K [0x00000000c0000000, 0x00000000db480000, 0x00000000eab00000)
  object space 446976K, 86% used [0x00000000c0000000,0x00000000d7bc1278,0x00000000db480000)
 Metaspace       used 74631K, committed 75840K, reserved 1179648K
  class space    used 8281K, committed 8768K, reserved 1048576K
}
Event: 47.499 GC heap before
{Heap before GC invocations=466 (full 17):
 PSYoungGen      total 56320K, used 56297K [0x00000000eab00000, 0x00000000f0580000, 0x0000000100000000)
  eden space 40448K, 100% used [0x00000000eab00000,0x00000000ed280000,0x00000000ed280000)
  from space 15872K, 99% used [0x00000000ed280000,0x00000000ee1fa5d0,0x00000000ee200000)
  to   space 24576K, 0% used [0x00000000eed80000,0x00000000eed80000,0x00000000f0580000)
 ParOldGen       total 446976K, used 388868K [0x00000000c0000000, 0x00000000db480000, 0x00000000eab00000)
  object space 446976K, 86% used [0x00000000c0000000,0x00000000d7bc1278,0x00000000db480000)
 Metaspace       used 74632K, committed 75840K, reserved 1179648K
  class space    used 8281K, committed 8768K, reserved 1048576K
}
Event: 47.509 GC heap after
{Heap after GC invocations=466 (full 17):
 PSYoungGen      total 59392K, used 14981K [0x00000000eab00000, 0x00000000efc80000, 0x0000000100000000)
  eden space 44032K, 0% used [0x00000000eab00000,0x00000000eab00000,0x00000000ed600000)
  from space 15360K, 97% used [0x00000000eed80000,0x00000000efc21430,0x00000000efc80000)
  to   space 17920K, 0% used [0x00000000ed980000,0x00000000ed980000,0x00000000eeb00000)
 ParOldGen       total 446976K, used 398661K [0x00000000c0000000, 0x00000000db480000, 0x00000000eab00000)
  object space 446976K, 89% used [0x00000000c0000000,0x00000000d8551508,0x00000000db480000)
 Metaspace       used 74632K, committed 75840K, reserved 1179648K
  class space    used 8281K, committed 8768K, reserved 1048576K
}
Event: 47.610 GC heap before
{Heap before GC invocations=467 (full 17):
 PSYoungGen      total 59392K, used 59013K [0x00000000eab00000, 0x00000000efc80000, 0x0000000100000000)
  eden space 44032K, 100% used [0x00000000eab00000,0x00000000ed600000,0x00000000ed600000)
  from space 15360K, 97% used [0x00000000eed80000,0x00000000efc21430,0x00000000efc80000)
  to   space 17920K, 0% used [0x00000000ed980000,0x00000000ed980000,0x00000000eeb00000)
 ParOldGen       total 446976K, used 398661K [0x00000000c0000000, 0x00000000db480000, 0x00000000eab00000)
  object space 446976K, 89% used [0x00000000c0000000,0x00000000d8551508,0x00000000db480000)
 Metaspace       used 74633K, committed 75840K, reserved 1179648K
  class space    used 8281K, committed 8768K, reserved 1048576K
}
Event: 47.617 GC heap after
{Heap after GC invocations=467 (full 17):
 PSYoungGen      total 65536K, used 17902K [0x00000000eab00000, 0x00000000f1280000, 0x0000000100000000)
  eden space 47616K, 0% used [0x00000000eab00000,0x00000000eab00000,0x00000000ed980000)
  from space 17920K, 99% used [0x00000000ed980000,0x00000000eeafbb60,0x00000000eeb00000)
  to   space 29184K, 0% used [0x00000000ef600000,0x00000000ef600000,0x00000000f1280000)
 ParOldGen       total 446976K, used 407568K [0x00000000c0000000, 0x00000000db480000, 0x00000000eab00000)
  object space 446976K, 91% used [0x00000000c0000000,0x00000000d8e04008,0x00000000db480000)
 Metaspace       used 74633K, committed 75840K, reserved 1179648K
  class space    used 8281K, committed 8768K, reserved 1048576K
}
Event: 47.658 GC heap before
{Heap before GC invocations=468 (full 17):
 PSYoungGen      total 65536K, used 65518K [0x00000000eab00000, 0x00000000f1280000, 0x0000000100000000)
  eden space 47616K, 100% used [0x00000000eab00000,0x00000000ed980000,0x00000000ed980000)
  from space 17920K, 99% used [0x00000000ed980000,0x00000000eeafbb60,0x00000000eeb00000)
  to   space 29184K, 0% used [0x00000000ef600000,0x00000000ef600000,0x00000000f1280000)
 ParOldGen       total 446976K, used 407568K [0x00000000c0000000, 0x00000000db480000, 0x00000000eab00000)
  object space 446976K, 91% used [0x00000000c0000000,0x00000000d8e04008,0x00000000db480000)
 Metaspace       used 74633K, committed 75840K, reserved 1179648K
  class space    used 8281K, committed 8768K, reserved 1048576K
}
Event: 47.666 GC heap after
{Heap after GC invocations=468 (full 17):
 PSYoungGen      total 78336K, used 25621K [0x00000000eab00000, 0x00000000f1100000, 0x0000000100000000)
  eden space 50688K, 0% used [0x00000000eab00000,0x00000000eab00000,0x00000000edc80000)
  from space 27648K, 92% used [0x00000000ef600000,0x00000000f0f055b8,0x00000000f1100000)
  to   space 26112K, 0% used [0x00000000edc80000,0x00000000edc80000,0x00000000ef600000)
 ParOldGen       total 446976K, used 417814K [0x00000000c0000000, 0x00000000db480000, 0x00000000eab00000)
  object space 446976K, 93% used [0x00000000c0000000,0x00000000d9805828,0x00000000db480000)
 Metaspace       used 74633K, committed 75840K, reserved 1179648K
  class space    used 8281K, committed 8768K, reserved 1048576K
}
Event: 48.174 GC heap before
{Heap before GC invocations=469 (full 17):
 PSYoungGen      total 78336K, used 76309K [0x00000000eab00000, 0x00000000f1100000, 0x0000000100000000)
  eden space 50688K, 100% used [0x00000000eab00000,0x00000000edc80000,0x00000000edc80000)
  from space 27648K, 92% used [0x00000000ef600000,0x00000000f0f055b8,0x00000000f1100000)
  to   space 26112K, 0% used [0x00000000edc80000,0x00000000edc80000,0x00000000ef600000)
 ParOldGen       total 446976K, used 417814K [0x00000000c0000000, 0x00000000db480000, 0x00000000eab00000)
  object space 446976K, 93% used [0x00000000c0000000,0x00000000d9805828,0x00000000db480000)
 Metaspace       used 74633K, committed 75840K, reserved 1179648K
  class space    used 8281K, committed 8768K, reserved 1048576K
}
Event: 48.188 GC heap after
{Heap after GC invocations=469 (full 17):
 PSYoungGen      total 76800K, used 26099K [0x00000000eab00000, 0x00000000f1100000, 0x0000000100000000)
  eden space 50688K, 0% used [0x00000000eab00000,0x00000000eab00000,0x00000000edc80000)
  from space 26112K, 99% used [0x00000000edc80000,0x00000000ef5fcc38,0x00000000ef600000)
  to   space 27648K, 0% used [0x00000000ef600000,0x00000000ef600000,0x00000000f1100000)
 ParOldGen       total 446976K, used 443642K [0x00000000c0000000, 0x00000000db480000, 0x00000000eab00000)
  object space 446976K, 99% used [0x00000000c0000000,0x00000000db13e9e0,0x00000000db480000)
 Metaspace       used 74633K, committed 75840K, reserved 1179648K
  class space    used 8281K, committed 8768K, reserved 1048576K
}
Event: 49.311 GC heap before
{Heap before GC invocations=470 (full 18):
 PSYoungGen      total 76800K, used 76787K [0x00000000eab00000, 0x00000000f1100000, 0x0000000100000000)
  eden space 50688K, 100% used [0x00000000eab00000,0x00000000edc80000,0x00000000edc80000)
  from space 26112K, 99% used [0x00000000edc80000,0x00000000ef5fcc38,0x00000000ef600000)
  to   space 27648K, 0% used [0x00000000ef600000,0x00000000ef600000,0x00000000f1100000)
 ParOldGen       total 446976K, used 443642K [0x00000000c0000000, 0x00000000db480000, 0x00000000eab00000)
  object space 446976K, 99% used [0x00000000c0000000,0x00000000db13e9e0,0x00000000db480000)
 Metaspace       used 74635K, committed 75840K, reserved 1179648K
  class space    used 8281K, committed 8768K, reserved 1048576K
}
Event: 49.378 GC heap after
{Heap after GC invocations=470 (full 18):
 PSYoungGen      total 78336K, used 0K [0x00000000eab00000, 0x00000000f1100000, 0x0000000100000000)
  eden space 50688K, 0% used [0x00000000eab00000,0x00000000eab00000,0x00000000edc80000)
  from space 27648K, 0% used [0x00000000ef600000,0x00000000ef600000,0x00000000f1100000)
  to   space 26112K, 0% used [0x00000000edc80000,0x00000000edc80000,0x00000000ef600000)
 ParOldGen       total 451584K, used 333973K [0x00000000c0000000, 0x00000000db900000, 0x00000000eab00000)
  object space 451584K, 73% used [0x00000000c0000000,0x00000000d4625740,0x00000000db900000)
 Metaspace       used 74635K, committed 75840K, reserved 1179648K
  class space    used 8281K, committed 8768K, reserved 1048576K
}
Event: 49.755 GC heap before
{Heap before GC invocations=471 (full 18):
 PSYoungGen      total 78336K, used 50688K [0x00000000eab00000, 0x00000000f1100000, 0x0000000100000000)
  eden space 50688K, 100% used [0x00000000eab00000,0x00000000edc80000,0x00000000edc80000)
  from space 27648K, 0% used [0x00000000ef600000,0x00000000ef600000,0x00000000f1100000)
  to   space 26112K, 0% used [0x00000000edc80000,0x00000000edc80000,0x00000000ef600000)
 ParOldGen       total 451584K, used 333973K [0x00000000c0000000, 0x00000000db900000, 0x00000000eab00000)
  object space 451584K, 73% used [0x00000000c0000000,0x00000000d4625740,0x00000000db900000)
 Metaspace       used 74644K, committed 75840K, reserved 1179648K
  class space    used 8282K, committed 8768K, reserved 1048576K
}

